{"sessionId": "db2d65", "runId": "pre-fix", "hypothesisId": "H5", "location": "backend/database.py:16", "message": "DATABASE_URL presence check passed", "data": {"hasDatabaseUrl": true}, "timestamp": 1776323014010}
{"sessionId": "db2d65", "runId": "pre-fix", "hypothesisId": "H6", "location": "backend/app.py:24", "message": "backend app startup instrumentation active", "data": {"cwd": "C:\\Users\\Yuvraj\\Downloads\\SAAITA-main\\SAAITA-main"}, "timestamp": 1776303217050}
{"sessionId": "db2d65", "runId": "pre-fix", "hypothesisId": "H3", "location": "backend/security/auth_middleware.py:68", "message": "require_verified_email entry", "data": {"userId": 11, "isVerified": false, "memberSince": "2026-04-16T07:04:05.973542"}, "timestamp": 1776323050093}
{"sessionId": "db2d65", "runId": "pre-fix", "hypothesisId": "H3", "location": "backend/security/auth_middleware.py:91", "message": "verification check passed", "data": {"userId": 11, "isVerified": false}, "timestamp": 1776323050097}
{"sessionId": "db2d65", "runId": "pre-fix", "hypothesisId": "H2", "location": "backend/routes/chat_routes.py:116", "message": "chat_history route entered", "data": {"userId": 11, "hasVerifiedDecorator": false}, "timestamp": 1776323050098}
{"sessionId": "db2d65", "runId": "pre-fix", "hypothesisId": "H3", "location": "backend/security/auth_middleware.py:68", "message": "require_verified_email entry", "data": {"userId": 11, "isVerified": false, "memberSince": "2026-04-16T07:04:05.973542"}, "timestamp": 1776323050208}
{"sessionId": "db2d65", "runId": "pre-fix", "hypothesisId": "H3", "location": "backend/security/auth_middleware.py:91", "message": "verification check passed", "data": {"userId": 11, "isVerified": false}, "timestamp": 1776323050208}
{"sessionId": "db2d65", "runId": "pre-fix", "hypothesisId": "H2", "location": "backend/routes/chat_routes.py:133", "message": "chat_clear route entered", "data": {"userId": 11, "hasVerifiedDecorator": false}, "timestamp": 1776323050209}
{"sessionId": "db2d65", "runId": "pre-fix", "hypothesisId": "H3", "location": "backend/security/auth_middleware.py:68", "message": "require_verified_email entry", "data": {"userId": 11, "isVerified": false, "memberSince": "2026-04-16T07:04:05.973542"}, "timestamp": 1776323050307}
{"sessionId": "db2d65", "runId": "pre-fix", "hypothesisId": "H3", "location": "backend/security/auth_middleware.py:91", "message": "verification check passed", "data": {"userId": 11, "isVerified": false}, "timestamp": 1776323050308}
{"sessionId": "db2d65", "runId": "pre-fix", "hypothesisId": "H2", "location": "backend/routes/upload_routes.py:22", "message": "upload route entered", "data": {"userId": 11, "hasVerifiedDecorator": false}, "timestamp": 1776323050310}
{"sessionId": "db2d65", "runId": "pre-fix", "hypothesisId": "H3", "location": "backend/security/auth_middleware.py:68", "message": "require_verified_email entry", "data": {"userId": 11, "isVerified": false, "memberSince": "2026-04-16T07:04:05.973542"}, "timestamp": 1776323050525}
{"sessionId": "db2d65", "runId": "pre-fix", "hypothesisId": "H3", "location": "backend/security/auth_middleware.py:91", "message": "verification check passed", "data": {"userId": 11, "isVerified": false}, "timestamp": 1776323050526}
{"sessionId": "db2d65", "runId": "pre-fix", "hypothesisId": "H1", "location": "backend/routes/chat_routes.py:29", "message": "chat_message route entered", "data": {"userId": 11, "rateLimit": "30 per hour", "isProd": false}, "timestamp": 1776323050527}
{"sessionId": "db2d65", "runId": "pre-fix", "hypothesisId": "H5", "location": "backend/database.py:16", "message": "DATABASE_URL presence check passed", "data": {"hasDatabaseUrl": true}, "timestamp": 1776323078385}
{"sessionId": "db2d65", "runId": "pre-fix", "hypothesisId": "H5", "location": "backend/database.py:22", "message": "DATABASE_URL format validation failed", "data": {"prefix": "invalid"}, "timestamp": 1776323078391}
{"sessionId": "db2d65", "runId": "pre-fix", "hypothesisId": "H5", "location": "backend/database.py:16", "message": "DATABASE_URL presence check passed", "data": {"hasDatabaseUrl": true}, "timestamp": 1776323120553}
{"sessionId": "db2d65", "runId": "pre-fix", "hypothesisId": "H3", "location": "backend/security/auth_middleware.py:68", "message": "require_verified_email entry", "data": {"userId": 12, "isVerified": false, "memberSince": "2026-04-16T07:11:54.485761"}, "timestamp": 1776323518145}
{"sessionId": "db2d65", "runId": "pre-fix", "hypothesisId": "H3", "location": "backend/security/auth_middleware.py:91", "message": "verification check passed", "data": {"userId": 12, "isVerified": false}, "timestamp": 1776323518146}
{"sessionId": "db2d65", "runId": "pre-fix", "hypothesisId": "H2", "location": "backend/routes/chat_routes.py:116", "message": "chat_history route entered", "data": {"userId": 12, "hasVerifiedDecorator": false}, "timestamp": 1776323518147}
{"sessionId": "db2d65", "runId": "pre-fix", "hypothesisId": "H3", "location": "backend/security/auth_middleware.py:68", "message": "require_verified_email entry", "data": {"userId": 12, "isVerified": false, "memberSince": "2026-04-16T07:11:54.485761"}, "timestamp": 1776323518303}
{"sessionId": "db2d65", "runId": "pre-fix", "hypothesisId": "H3", "location": "backend/security/auth_middleware.py:91", "message": "verification check passed", "data": {"userId": 12, "isVerified": false}, "timestamp": 1776323518304}
{"sessionId": "db2d65", "runId": "pre-fix", "hypothesisId": "H2", "location": "backend/routes/chat_routes.py:133", "message": "chat_clear route entered", "data": {"userId": 12, "hasVerifiedDecorator": false}, "timestamp": 1776323518305}
{"sessionId": "db2d65", "runId": "pre-fix", "hypothesisId": "H3", "location": "backend/security/auth_middleware.py:68", "message": "require_verified_email entry", "data": {"userId": 12, "isVerified": false, "memberSince": "2026-04-16T07:11:54.485761"}, "timestamp": 1776323518389}
{"sessionId": "db2d65", "runId": "pre-fix", "hypothesisId": "H3", "location": "backend/security/auth_middleware.py:91", "message": "verification check passed", "data": {"userId": 12, "isVerified": false}, "timestamp": 1776323518390}
{"sessionId": "db2d65", "runId": "pre-fix", "hypothesisId": "H2", "location": "backend/routes/upload_routes.py:22", "message": "upload route entered", "data": {"userId": 12, "hasVerifiedDecorator": false}, "timestamp": 1776323518391}
